<?xml version='1.0'?>
<ns2:test-suite xmlns:ns2='urn:model.allure.qatools.yandex.ru' start='1604587175938' stop='1604587177582'>
    <name>Testando funcionalidade de fotos</name>
    <title>Testando funcionalidade de fotos</title>
    <test-cases>
        <test-case start='1604587175938' status='passed' stop='1604587176880'>
            <name>Deve fazer login</name>
            <title>Deve fazer login</title>
            <labels/>
            <parameters/>
            <steps/>
            <attachments/>
        </test-case>
        <test-case start='1604587176880' status='passed' stop='1604587177183'>
            <name>Deve navegar para /p/add</name>
            <title>Deve navegar para /p/add</title>
            <labels/>
            <parameters/>
            <steps/>
            <attachments/>
        </test-case>
        <test-case start='1604587177183' status='passed' stop='1604587177393'>
            <name>Deve cadastrar imagem</name>
            <title>Deve cadastrar imagem</title>
            <labels/>
            <parameters/>
            <steps/>
            <attachments/>
        </test-case>
        <test-case start='1604587177394' status='failed' stop='1604587177449'>
            <name>Busca de imagem</name>
            <title>Busca de imagem</title>
            <labels/>
            <parameters/>
            <steps/>
            <attachments/>
            <failure>
                <message>Failed: No element found using locator: By(css selector, .rounded)</message>
                <stack-trace>NoSuchElementError: No element found using locator: By(css selector, .rounded)
                    at /home/local/CONDUCTOR/caio.maia/.nvm/versions/node/v15.0.1/lib/node_modules/protractor/built/element.js:814:27
                    at ManagedPromise.invokeCallback_ (/home/local/CONDUCTOR/caio.maia/.nvm/versions/node/v15.0.1/lib/node_modules/protractor/node_modules/selenium-webdriver/lib/promise.js:1376:14)
                    at TaskQueue.execute_ (/home/local/CONDUCTOR/caio.maia/.nvm/versions/node/v15.0.1/lib/node_modules/protractor/node_modules/selenium-webdriver/lib/promise.js:3084:14)
                    at TaskQueue.executeNext_ (/home/local/CONDUCTOR/caio.maia/.nvm/versions/node/v15.0.1/lib/node_modules/protractor/node_modules/selenium-webdriver/lib/promise.js:3067:27)
                    at /home/local/CONDUCTOR/caio.maia/.nvm/versions/node/v15.0.1/lib/node_modules/protractor/node_modules/selenium-webdriver/lib/promise.js:2927:27
                    at /home/local/CONDUCTOR/caio.maia/.nvm/versions/node/v15.0.1/lib/node_modules/protractor/node_modules/selenium-webdriver/lib/promise.js:668:7
                    at processTicksAndRejections (node:internal/process/task_queues:93:5)Error
                    at ElementArrayFinder.applyAction_ (/home/local/CONDUCTOR/caio.maia/.nvm/versions/node/v15.0.1/lib/node_modules/protractor/built/element.js:459:27)
                    at ElementArrayFinder.&lt;computed> [as sendKeys] (/home/local/CONDUCTOR/caio.maia/.nvm/versions/node/v15.0.1/lib/node_modules/protractor/built/element.js:91:29)
                    at ElementFinder.&lt;computed> [as sendKeys] (/home/local/CONDUCTOR/caio.maia/.nvm/versions/node/v15.0.1/lib/node_modules/protractor/built/element.js:831:22)
                    at PhotoListPage.buscarImagem (/home/local/CONDUCTOR/caio.maia/Documentos/Testes/protractor-test/alurapic/e2e/src/page-objects/photos/photo-list.po.ts:10:49)
                    at Object.&lt;anonymous> (/home/local/CONDUCTOR/caio.maia/Documentos/Testes/protractor-test/alurapic/e2e/src/specs/photo.e2e-spec.ts:51:29)
                    at step (/home/local/CONDUCTOR/caio.maia/Documentos/Testes/protractor-test/alurapic/e2e/src/specs/photo.e2e-spec.ts:32:23)
                    at Object.next (/home/local/CONDUCTOR/caio.maia/Documentos/Testes/protractor-test/alurapic/e2e/src/specs/photo.e2e-spec.ts:13:53)
                    at fulfilled (/home/local/CONDUCTOR/caio.maia/Documentos/Testes/protractor-test/alurapic/e2e/src/specs/photo.e2e-spec.ts:4:58)
                    at processTicksAndRejections (node:internal/process/task_queues:93:5)
                From: Task: Run it("Busca de imagem") in control flow
                    at UserContext.&lt;anonymous> (/home/local/CONDUCTOR/caio.maia/.nvm/versions/node/v15.0.1/lib/node_modules/protractor/node_modules/jasminewd2/index.js:94:19)
                    at attempt (/home/local/CONDUCTOR/caio.maia/.nvm/versions/node/v15.0.1/lib/node_modules/protractor/node_modules/jasmine-core/lib/jasmine-core/jasmine.js:4297:26)
                    at QueueRunner.run (/home/local/CONDUCTOR/caio.maia/.nvm/versions/node/v15.0.1/lib/node_modules/protractor/node_modules/jasmine-core/lib/jasmine-core/jasmine.js:4217:20)
                    at runNext (/home/local/CONDUCTOR/caio.maia/.nvm/versions/node/v15.0.1/lib/node_modules/protractor/node_modules/jasmine-core/lib/jasmine-core/jasmine.js:4257:20)
                    at /home/local/CONDUCTOR/caio.maia/.nvm/versions/node/v15.0.1/lib/node_modules/protractor/node_modules/jasmine-core/lib/jasmine-core/jasmine.js:4264:13
                    at /home/local/CONDUCTOR/caio.maia/.nvm/versions/node/v15.0.1/lib/node_modules/protractor/node_modules/jasmine-core/lib/jasmine-core/jasmine.js:4172:9
                    at /home/local/CONDUCTOR/caio.maia/.nvm/versions/node/v15.0.1/lib/node_modules/protractor/node_modules/jasminewd2/index.js:64:48
                    at ControlFlow.emit (/home/local/CONDUCTOR/caio.maia/.nvm/versions/node/v15.0.1/lib/node_modules/protractor/node_modules/selenium-webdriver/lib/events.js:62:21)
                    at ControlFlow.shutdown_ (/home/local/CONDUCTOR/caio.maia/.nvm/versions/node/v15.0.1/lib/node_modules/protractor/node_modules/selenium-webdriver/lib/promise.js:2674:10)
                    at /home/local/CONDUCTOR/caio.maia/.nvm/versions/node/v15.0.1/lib/node_modules/protractor/node_modules/selenium-webdriver/lib/promise.js:2599:53
                From asynchronous test: 
                Error
                    at Suite.&lt;anonymous> (/home/local/CONDUCTOR/caio.maia/Documentos/Testes/protractor-test/alurapic/e2e/src/specs/photo.e2e-spec.ts:49:5)
                    at addSpecsToSuite (/home/local/CONDUCTOR/caio.maia/.nvm/versions/node/v15.0.1/lib/node_modules/protractor/node_modules/jasmine-core/lib/jasmine-core/jasmine.js:1107:25)
                    at Env.describe (/home/local/CONDUCTOR/caio.maia/.nvm/versions/node/v15.0.1/lib/node_modules/protractor/node_modules/jasmine-core/lib/jasmine-core/jasmine.js:1074:7)
                    at describe (/home/local/CONDUCTOR/caio.maia/.nvm/versions/node/v15.0.1/lib/node_modules/protractor/node_modules/jasmine-core/lib/jasmine-core/jasmine.js:4399:18)
                    at Object.&lt;anonymous> (/home/local/CONDUCTOR/caio.maia/Documentos/Testes/protractor-test/alurapic/e2e/src/specs/photo.e2e-spec.ts:8:1)
                    at Module._compile (node:internal/modules/cjs/loader:1083:30)
                    at Module.m._compile (/home/local/CONDUCTOR/caio.maia/Documentos/Testes/protractor-test/alurapic/node_modules/ts-node/src/index.ts:400:23)
                    at Module._extensions..js (node:internal/modules/cjs/loader:1112:10)
                    at Object.require.extensions.&lt;computed> [as .ts] (/home/local/CONDUCTOR/caio.maia/Documentos/Testes/protractor-test/alurapic/node_modules/ts-node/src/index.ts:403:12)</stack-trace>
            </failure>
        </test-case>
        <test-case start='1604587177449' status='passed' stop='1604587177570'>
            <name>Deve navegar para a foto</name>
            <title>Deve navegar para a foto</title>
            <labels/>
            <parameters/>
            <steps/>
            <attachments/>
        </test-case>
        <test-case start='1604587177570' status='failed' stop='1604587177581'>
            <name>Deve fazer um comentario</name>
            <title>Deve fazer um comentario</title>
            <labels/>
            <parameters/>
            <steps/>
            <attachments/>
            <failure>
                <message>Error: expect called with WebElement argument, expected a Promise. Did you mean to use .getText()?</message>
                <stack-trace>Error: expect called with WebElement argument, expected a Promise. Did you mean to use .getText()?
                    at global.expect (/home/local/CONDUCTOR/caio.maia/.nvm/versions/node/v15.0.1/lib/node_modules/protractor/node_modules/jasminewd2/index.js:244:11)
                    at PhotoDetailsPage.pegarBotaoComentar (/home/local/CONDUCTOR/caio.maia/Documentos/Testes/protractor-test/alurapic/e2e/src/page-objects/photos/photo-details.po.ts:18:16)
                    at Object.&lt;anonymous> (/home/local/CONDUCTOR/caio.maia/Documentos/Testes/protractor-test/alurapic/e2e/src/specs/photo.e2e-spec.ts:60:92)
                    at step (/home/local/CONDUCTOR/caio.maia/Documentos/Testes/protractor-test/alurapic/e2e/src/specs/photo.e2e-spec.ts:32:23)
                    at Object.next (/home/local/CONDUCTOR/caio.maia/Documentos/Testes/protractor-test/alurapic/e2e/src/specs/photo.e2e-spec.ts:13:53)
                    at /home/local/CONDUCTOR/caio.maia/Documentos/Testes/protractor-test/alurapic/e2e/src/specs/photo.e2e-spec.ts:7:71
                    at new Promise (&lt;anonymous>)
                    at __awaiter (/home/local/CONDUCTOR/caio.maia/Documentos/Testes/protractor-test/alurapic/e2e/src/specs/photo.e2e-spec.ts:3:12)
                    at UserContext.&lt;anonymous> (/home/local/CONDUCTOR/caio.maia/Documentos/Testes/protractor-test/alurapic/e2e/src/specs/photo.e2e-spec.ts:59:36)
                    at /home/local/CONDUCTOR/caio.maia/.nvm/versions/node/v15.0.1/lib/node_modules/protractor/node_modules/jasminewd2/index.js:112:25</stack-trace>
            </failure>
        </test-case>
    </test-cases>
</ns2:test-suite>