<?xml version='1.0'?>
<ns2:test-suite xmlns:ns2='urn:model.allure.qatools.yandex.ru' start='1604588992768' stop='1604589006245'>
    <name>Testando tela de Login</name>
    <title>Testando tela de Login</title>
    <test-cases>
        <test-case start='1604588992768' status='passed' stop='1604588993415'>
            <name>Deve navegar para o Login</name>
            <title>Deve navegar para o Login</title>
            <labels/>
            <parameters/>
            <steps/>
            <attachments/>
        </test-case>
        <test-case start='1604588993415' status='passed' stop='1604588993455'>
            <name>Deve verificar a Url</name>
            <title>Deve verificar a Url</title>
            <labels/>
            <parameters/>
            <steps/>
            <attachments/>
        </test-case>
        <test-case start='1604588993455' status='passed' stop='1604588995611'>
            <name>Deve mostrar User Name is required!</name>
            <title>Deve mostrar User Name is required!</title>
            <labels/>
            <parameters/>
            <steps/>
            <attachments/>
        </test-case>
        <test-case start='1604588995611' status='failed' stop='1604589005718'>
            <name>Deve mostrar Password is required!</name>
            <title>Deve mostrar Password is required!</title>
            <labels/>
            <parameters/>
            <steps/>
            <attachments/>
            <failure>
                <message>Failed: No element found using locator: By(xpath, //small[contains(text(),'Password is required!')])</message>
                <stack-trace>NoSuchElementError: No element found using locator: By(xpath, //small[contains(text(),'Password is required!')])
                    at /home/local/CONDUCTOR/caio.maia/.nvm/versions/node/v15.0.1/lib/node_modules/protractor/built/element.js:814:27
                    at ManagedPromise.invokeCallback_ (/home/local/CONDUCTOR/caio.maia/.nvm/versions/node/v15.0.1/lib/node_modules/protractor/node_modules/selenium-webdriver/lib/promise.js:1376:14)
                    at TaskQueue.execute_ (/home/local/CONDUCTOR/caio.maia/.nvm/versions/node/v15.0.1/lib/node_modules/protractor/node_modules/selenium-webdriver/lib/promise.js:3084:14)
                    at TaskQueue.executeNext_ (/home/local/CONDUCTOR/caio.maia/.nvm/versions/node/v15.0.1/lib/node_modules/protractor/node_modules/selenium-webdriver/lib/promise.js:3067:27)
                    at /home/local/CONDUCTOR/caio.maia/.nvm/versions/node/v15.0.1/lib/node_modules/protractor/node_modules/selenium-webdriver/lib/promise.js:2927:27
                    at /home/local/CONDUCTOR/caio.maia/.nvm/versions/node/v15.0.1/lib/node_modules/protractor/node_modules/selenium-webdriver/lib/promise.js:668:7
                    at processTicksAndRejections (node:internal/process/task_queues:93:5)Error
                    at ElementArrayFinder.applyAction_ (/home/local/CONDUCTOR/caio.maia/.nvm/versions/node/v15.0.1/lib/node_modules/protractor/built/element.js:459:27)
                    at ElementArrayFinder.&lt;computed> [as isDisplayed] (/home/local/CONDUCTOR/caio.maia/.nvm/versions/node/v15.0.1/lib/node_modules/protractor/built/element.js:91:29)
                    at ElementFinder.&lt;computed> [as isDisplayed] (/home/local/CONDUCTOR/caio.maia/.nvm/versions/node/v15.0.1/lib/node_modules/protractor/built/element.js:831:22)
                    at SigninPage.retornarSpanError (/home/local/CONDUCTOR/caio.maia/Documentos/Testes/protractor-test/alurapic/e2e/src/page-objects/signin.po.ts:33:26)
                    at Object.&lt;anonymous> (/home/local/CONDUCTOR/caio.maia/Documentos/Testes/protractor-test/alurapic/e2e/src/specs/signin.e2e-spec.ts:39:42)
                    at step (/home/local/CONDUCTOR/caio.maia/Documentos/Testes/protractor-test/alurapic/e2e/src/specs/signin.e2e-spec.ts:32:23)
                    at Object.next (/home/local/CONDUCTOR/caio.maia/Documentos/Testes/protractor-test/alurapic/e2e/src/specs/signin.e2e-spec.ts:13:53)
                    at fulfilled (/home/local/CONDUCTOR/caio.maia/Documentos/Testes/protractor-test/alurapic/e2e/src/specs/signin.e2e-spec.ts:4:58)
                From: Task: Run it("Deve mostrar Password is required!") in control flow
                    at UserContext.&lt;anonymous> (/home/local/CONDUCTOR/caio.maia/.nvm/versions/node/v15.0.1/lib/node_modules/protractor/node_modules/jasminewd2/index.js:94:19)
                    at attempt (/home/local/CONDUCTOR/caio.maia/.nvm/versions/node/v15.0.1/lib/node_modules/protractor/node_modules/jasmine-core/lib/jasmine-core/jasmine.js:4297:26)
                    at QueueRunner.run (/home/local/CONDUCTOR/caio.maia/.nvm/versions/node/v15.0.1/lib/node_modules/protractor/node_modules/jasmine-core/lib/jasmine-core/jasmine.js:4217:20)
                    at runNext (/home/local/CONDUCTOR/caio.maia/.nvm/versions/node/v15.0.1/lib/node_modules/protractor/node_modules/jasmine-core/lib/jasmine-core/jasmine.js:4257:20)
                    at /home/local/CONDUCTOR/caio.maia/.nvm/versions/node/v15.0.1/lib/node_modules/protractor/node_modules/jasmine-core/lib/jasmine-core/jasmine.js:4264:13
                    at /home/local/CONDUCTOR/caio.maia/.nvm/versions/node/v15.0.1/lib/node_modules/protractor/node_modules/jasmine-core/lib/jasmine-core/jasmine.js:4172:9
                    at /home/local/CONDUCTOR/caio.maia/.nvm/versions/node/v15.0.1/lib/node_modules/protractor/node_modules/jasminewd2/index.js:64:48
                    at ControlFlow.emit (/home/local/CONDUCTOR/caio.maia/.nvm/versions/node/v15.0.1/lib/node_modules/protractor/node_modules/selenium-webdriver/lib/events.js:62:21)
                    at ControlFlow.shutdown_ (/home/local/CONDUCTOR/caio.maia/.nvm/versions/node/v15.0.1/lib/node_modules/protractor/node_modules/selenium-webdriver/lib/promise.js:2674:10)
                    at /home/local/CONDUCTOR/caio.maia/.nvm/versions/node/v15.0.1/lib/node_modules/protractor/node_modules/selenium-webdriver/lib/promise.js:2599:53
                From asynchronous test: 
                Error
                    at Suite.&lt;anonymous> (/home/local/CONDUCTOR/caio.maia/Documentos/Testes/protractor-test/alurapic/e2e/src/specs/signin.e2e-spec.ts:35:5)
                    at addSpecsToSuite (/home/local/CONDUCTOR/caio.maia/.nvm/versions/node/v15.0.1/lib/node_modules/protractor/node_modules/jasmine-core/lib/jasmine-core/jasmine.js:1107:25)
                    at Env.describe (/home/local/CONDUCTOR/caio.maia/.nvm/versions/node/v15.0.1/lib/node_modules/protractor/node_modules/jasmine-core/lib/jasmine-core/jasmine.js:1074:7)
                    at describe (/home/local/CONDUCTOR/caio.maia/.nvm/versions/node/v15.0.1/lib/node_modules/protractor/node_modules/jasmine-core/lib/jasmine-core/jasmine.js:4399:18)
                    at Object.&lt;anonymous> (/home/local/CONDUCTOR/caio.maia/Documentos/Testes/protractor-test/alurapic/e2e/src/specs/signin.e2e-spec.ts:5:1)
                    at Module._compile (node:internal/modules/cjs/loader:1083:30)
                    at Module.m._compile (/home/local/CONDUCTOR/caio.maia/Documentos/Testes/protractor-test/alurapic/node_modules/ts-node/src/index.ts:400:23)
                    at Module._extensions..js (node:internal/modules/cjs/loader:1112:10)
                    at Object.require.extensions.&lt;computed> [as .ts] (/home/local/CONDUCTOR/caio.maia/Documentos/Testes/protractor-test/alurapic/node_modules/ts-node/src/index.ts:403:12)</stack-trace>
            </failure>
        </test-case>
        <test-case start='1604589005718' status='failed' stop='1604589006244'>
            <name>Deve fazer login</name>
            <title>Deve fazer login</title>
            <labels/>
            <parameters/>
            <steps/>
            <attachments/>
            <failure>
                <message>NoSuchElementError: No element found using locator: by.formControlName("userName")</message>
                <stack-trace>NoSuchElementError: No element found using locator: by.formControlName("userName")
                    at /home/local/CONDUCTOR/caio.maia/.nvm/versions/node/v15.0.1/lib/node_modules/protractor/built/element.js:814:27
                    at ManagedPromise.invokeCallback_ (/home/local/CONDUCTOR/caio.maia/.nvm/versions/node/v15.0.1/lib/node_modules/protractor/node_modules/selenium-webdriver/lib/promise.js:1376:14)
                    at TaskQueue.execute_ (/home/local/CONDUCTOR/caio.maia/.nvm/versions/node/v15.0.1/lib/node_modules/protractor/node_modules/selenium-webdriver/lib/promise.js:3084:14)
                    at TaskQueue.executeNext_ (/home/local/CONDUCTOR/caio.maia/.nvm/versions/node/v15.0.1/lib/node_modules/protractor/node_modules/selenium-webdriver/lib/promise.js:3067:27)
                    at /home/local/CONDUCTOR/caio.maia/.nvm/versions/node/v15.0.1/lib/node_modules/protractor/node_modules/selenium-webdriver/lib/promise.js:2927:27
                    at /home/local/CONDUCTOR/caio.maia/.nvm/versions/node/v15.0.1/lib/node_modules/protractor/node_modules/selenium-webdriver/lib/promise.js:668:7
                    at processTicksAndRejections (node:internal/process/task_queues:93:5)Error
                    at ElementArrayFinder.applyAction_ (/home/local/CONDUCTOR/caio.maia/.nvm/versions/node/v15.0.1/lib/node_modules/protractor/built/element.js:459:27)
                    at ElementArrayFinder.&lt;computed> [as sendKeys] (/home/local/CONDUCTOR/caio.maia/.nvm/versions/node/v15.0.1/lib/node_modules/protractor/built/element.js:91:29)
                    at ElementFinder.&lt;computed> [as sendKeys] (/home/local/CONDUCTOR/caio.maia/.nvm/versions/node/v15.0.1/lib/node_modules/protractor/built/element.js:831:22)
                    at SigninPage.pegarInput (/home/local/CONDUCTOR/caio.maia/Documentos/Testes/protractor-test/alurapic/e2e/src/page-objects/signin.po.ts:20:61)
                    at /home/local/CONDUCTOR/caio.maia/Documentos/Testes/protractor-test/alurapic/e2e/src/specs/signin.e2e-spec.ts:46:24
                    at Array.forEach (&lt;anonymous>)
                    at Object.&lt;anonymous> (/home/local/CONDUCTOR/caio.maia/Documentos/Testes/protractor-test/alurapic/e2e/src/specs/signin.e2e-spec.ts:45:22)
                    at step (/home/local/CONDUCTOR/caio.maia/Documentos/Testes/protractor-test/alurapic/e2e/src/specs/signin.e2e-spec.ts:32:23)
                    at Object.next (/home/local/CONDUCTOR/caio.maia/Documentos/Testes/protractor-test/alurapic/e2e/src/specs/signin.e2e-spec.ts:13:53)
                    at fulfilled (/home/local/CONDUCTOR/caio.maia/Documentos/Testes/protractor-test/alurapic/e2e/src/specs/signin.e2e-spec.ts:4:58)</stack-trace>
            </failure>
        </test-case>
    </test-cases>
</ns2:test-suite>