<?xml version='1.0'?>
<ns2:test-suite xmlns:ns2='urn:model.allure.qatools.yandex.ru' start='1604622992445' stop='1604622993735'>
    <name>Testando funcionalidade de fotos</name>
    <title>Testando funcionalidade de fotos</title>
    <test-cases>
        <test-case start='1604622992446' status='passed' stop='1604622993250'>
            <name>Deve fazer login</name>
            <title>Deve fazer login</title>
            <labels/>
            <parameters/>
            <steps/>
            <attachments/>
        </test-case>
        <test-case start='1604622993250' status='passed' stop='1604622993476'>
            <name>Deve navegar para /p/add</name>
            <title>Deve navegar para /p/add</title>
            <labels/>
            <parameters/>
            <steps/>
            <attachments/>
        </test-case>
        <test-case start='1604622993477' status='passed' stop='1604622993628'>
            <name>Deve cadastrar imagem</name>
            <title>Deve cadastrar imagem</title>
            <labels/>
            <parameters/>
            <steps/>
            <attachments/>
        </test-case>
        <test-case start='1604622993628' status='failed' stop='1604622993672'>
            <name>Busca de imagem</name>
            <title>Busca de imagem</title>
            <labels/>
            <parameters/>
            <steps/>
            <attachments/>
            <failure>
                <message>NoSuchElementError: No element found using locator: By(xpath, //input[@type='search'])</message>
                <stack-trace>NoSuchElementError: No element found using locator: By(xpath, //input[@type='search'])
                    at /home/local/CONDUCTOR/caio.maia/.nvm/versions/node/v15.0.1/lib/node_modules/protractor/built/element.js:814:27
                    at ManagedPromise.invokeCallback_ (/home/local/CONDUCTOR/caio.maia/.nvm/versions/node/v15.0.1/lib/node_modules/protractor/node_modules/selenium-webdriver/lib/promise.js:1376:14)
                    at TaskQueue.execute_ (/home/local/CONDUCTOR/caio.maia/.nvm/versions/node/v15.0.1/lib/node_modules/protractor/node_modules/selenium-webdriver/lib/promise.js:3084:14)
                    at TaskQueue.executeNext_ (/home/local/CONDUCTOR/caio.maia/.nvm/versions/node/v15.0.1/lib/node_modules/protractor/node_modules/selenium-webdriver/lib/promise.js:3067:27)
                    at /home/local/CONDUCTOR/caio.maia/.nvm/versions/node/v15.0.1/lib/node_modules/protractor/node_modules/selenium-webdriver/lib/promise.js:2927:27
                    at /home/local/CONDUCTOR/caio.maia/.nvm/versions/node/v15.0.1/lib/node_modules/protractor/node_modules/selenium-webdriver/lib/promise.js:668:7
                    at processTicksAndRejections (node:internal/process/task_queues:93:5)Error
                    at ElementArrayFinder.applyAction_ (/home/local/CONDUCTOR/caio.maia/.nvm/versions/node/v15.0.1/lib/node_modules/protractor/built/element.js:459:27)
                    at ElementArrayFinder.&lt;computed> [as sendKeys] (/home/local/CONDUCTOR/caio.maia/.nvm/versions/node/v15.0.1/lib/node_modules/protractor/built/element.js:91:29)
                    at ElementFinder.&lt;computed> [as sendKeys] (/home/local/CONDUCTOR/caio.maia/.nvm/versions/node/v15.0.1/lib/node_modules/protractor/built/element.js:831:22)
                    at PhotoListPage.buscarImagem (/home/local/CONDUCTOR/caio.maia/Documentos/Testes/protractor-test/alurapic/e2e/src/page-objects/photos/photo-list.po.ts:13:67)
                    at Object.&lt;anonymous> (/home/local/CONDUCTOR/caio.maia/Documentos/Testes/protractor-test/alurapic/e2e/src/specs/photo.e2e-spec.ts:51:29)
                    at step (/home/local/CONDUCTOR/caio.maia/Documentos/Testes/protractor-test/alurapic/e2e/src/specs/photo.e2e-spec.ts:32:23)
                    at Object.next (/home/local/CONDUCTOR/caio.maia/Documentos/Testes/protractor-test/alurapic/e2e/src/specs/photo.e2e-spec.ts:13:53)
                    at fulfilled (/home/local/CONDUCTOR/caio.maia/Documentos/Testes/protractor-test/alurapic/e2e/src/specs/photo.e2e-spec.ts:4:58)
                    at processTicksAndRejections (node:internal/process/task_queues:93:5)</stack-trace>
            </failure>
        </test-case>
        <test-case start='1604622993673' status='passed' stop='1604622993726'>
            <name>Deve navegar para a foto</name>
            <title>Deve navegar para a foto</title>
            <labels/>
            <parameters/>
            <steps/>
            <attachments/>
        </test-case>
        <test-case start='1604622993726' status='failed' stop='1604622993734'>
            <name>Deve fazer um comentario</name>
            <title>Deve fazer um comentario</title>
            <labels/>
            <parameters/>
            <steps/>
            <attachments/>
            <failure>
                <message>Error: expect called with WebElement argument, expected a Promise. Did you mean to use .getText()?</message>
                <stack-trace>Error: expect called with WebElement argument, expected a Promise. Did you mean to use .getText()?
                    at global.expect (/home/local/CONDUCTOR/caio.maia/.nvm/versions/node/v15.0.1/lib/node_modules/protractor/node_modules/jasminewd2/index.js:244:11)
                    at PhotoDetailsPage.pegarBotaoComentar (/home/local/CONDUCTOR/caio.maia/Documentos/Testes/protractor-test/alurapic/e2e/src/page-objects/photos/photo-details.po.ts:18:16)
                    at Object.&lt;anonymous> (/home/local/CONDUCTOR/caio.maia/Documentos/Testes/protractor-test/alurapic/e2e/src/specs/photo.e2e-spec.ts:60:92)
                    at step (/home/local/CONDUCTOR/caio.maia/Documentos/Testes/protractor-test/alurapic/e2e/src/specs/photo.e2e-spec.ts:32:23)
                    at Object.next (/home/local/CONDUCTOR/caio.maia/Documentos/Testes/protractor-test/alurapic/e2e/src/specs/photo.e2e-spec.ts:13:53)
                    at /home/local/CONDUCTOR/caio.maia/Documentos/Testes/protractor-test/alurapic/e2e/src/specs/photo.e2e-spec.ts:7:71
                    at new Promise (&lt;anonymous>)
                    at __awaiter (/home/local/CONDUCTOR/caio.maia/Documentos/Testes/protractor-test/alurapic/e2e/src/specs/photo.e2e-spec.ts:3:12)
                    at UserContext.&lt;anonymous> (/home/local/CONDUCTOR/caio.maia/Documentos/Testes/protractor-test/alurapic/e2e/src/specs/photo.e2e-spec.ts:59:36)
                    at /home/local/CONDUCTOR/caio.maia/.nvm/versions/node/v15.0.1/lib/node_modules/protractor/node_modules/jasminewd2/index.js:112:25</stack-trace>
            </failure>
        </test-case>
    </test-cases>
</ns2:test-suite>